INFO     : 2024-07-16 10:35:47,878 : utilities.py:103 : Starting Async Processes...
DEBUG    : 2024-07-16 10:35:47,878 : utilities.py:103 : Starting Cyberdrop-DL Process for Default Config
DEBUG    : 2024-07-16 10:35:47,878 : utilities.py:103 : Running version 5.3.35
DEBUG    : 2024-07-16 10:35:47,878 : utilities.py:103 : Using Config: Default
DEBUG    : 2024-07-16 10:35:47,878 : utilities.py:103 : Using Config File: AppData/Configs/Default/settings.yaml
DEBUG    : 2024-07-16 10:35:47,878 : utilities.py:103 : Using Input File: AppData/Configs/Default/URLs.txt
DEBUG    : 2024-07-16 10:35:47,878 : utilities.py:103 : Using Download Folder: Downloads/Cyberdrop-DL Downloads
DEBUG    : 2024-07-16 10:35:47,878 : utilities.py:103 : Using History File: AppData/Cache/cyberdrop.db
DEBUG    : 2024-07-16 10:35:47,878 : utilities.py:103 : Using Authentication: 
{
    "Forums Credentials": {
        "celebforum Credentials Provided": false,
        "f95zone Credentials Provided": false,
        "leakedmodels Credentials Provided": false,
        "nudostar Credentials Provided": false,
        "simpcity Credentials Provided": false,
        "socialmediagirls Credentials Provided": false,
        "xbunker Credentials Provided": false
    },
    "Forums XF Cookies": {
        "celebforum XF Cookie Provided": false,
        "f95zone XF Cookie Provided": false,
        "leakedmodels XF Cookie Provided": false,
        "nudostar XF Cookie Provided": false,
        "simpcity XF Cookie Provided": false,
        "socialmediagirls XF Cookie Provided": false,
        "xbunker XF Cookie Provided": false
    },
    "GoFile Provided": false,
    "Imgur Provided": false,
    "JDownloader Provided": false,
    "PixelDrain Provided": false,
    "Reddit Provided": false
}
DEBUG    : 2024-07-16 10:35:47,879 : utilities.py:103 : Using Settings: 
{
    "Download_Options": {
        "block_download_sub_folders": false,
        "disable_download_attempt_limit": false,
        "disable_file_timestamps": false,
        "include_album_id_in_folder_name": false,
        "include_thread_id_in_folder_name": false,
        "remove_domains_from_folder_names": false,
        "remove_generated_id_from_filenames": false,
        "scrape_single_forum_post": false,
        "separate_posts": false,
        "skip_download_mark_completed": false
    },
    "File_Size_Limits": {
        "maximum_image_size": 0,
        "maximum_other_size": 0,
        "maximum_video_size": 0,
        "minimum_image_size": 0,
        "minimum_other_size": 0,
        "minimum_video_size": 0
    },
    "Files": {
        "download_folder": "Downloads/Cyberdrop-DL Downloads",
        "input_file": "AppData/Configs/Default/URLs.txt"
    },
    "Ignore_Options": {
        "exclude_audio": false,
        "exclude_images": false,
        "exclude_other": false,
        "exclude_videos": false,
        "ignore_coomer_ads": false,
        "only_hosts": [],
        "skip_hosts": []
    },
    "Logs": {
        "download_error_urls_filename": "Download_Error_URLs.csv",
        "last_forum_post_filename": "Last_Scraped_Forum_Posts.txt",
        "log_folder": "AppData/Configs/Default/Logs",
        "main_log_filename": "downloader.log",
        "scrape_error_urls_filename": "Scrape_Error_URLs.csv",
        "unsupported_urls_filename": "Unsupported_URLs.txt"
    },
    "Runtime_Options": {
        "delete_partial_files": false,
        "ignore_history": false,
        "log_level": 10,
        "send_unsupported_to_jdownloader": false,
        "skip_check_for_empty_folders": false,
        "skip_check_for_partial_files": false,
        "update_last_forum_post": false
    },
    "Sorting": {
        "sort_downloads": false,
        "sort_folder": "Downloads/Cyberdrop-DL Sorted Downloads",
        "sort_incremementer_format": " ({i})",
        "sorted_audio": "{sort_dir}/{base_dir}/Audio/{filename}{ext}",
        "sorted_image": "{sort_dir}/{base_dir}/Images/{filename}{ext}",
        "sorted_other": "{sort_dir}/{base_dir}/Other/{filename}{ext}",
        "sorted_video": "{sort_dir}/{base_dir}/Videos/{filename}{ext}"
    }
}
DEBUG    : 2024-07-16 10:35:47,879 : utilities.py:103 : Using Global Settings: 
{
    "General": {
        "allow_insecure_connections": false,
        "flaresolverr": "",
        "max_file_name_length": 95,
        "max_folder_name_length": 60,
        "proxy": "",
        "required_free_space": 5,
        "user_agent": "Mozilla/5.0 (Windows NT 10.0; Win64; x64; rv:120.0) Gecko/20100101 Firefox/120.0"
    },
    "Rate_Limiting_Options": {
        "connection_timeout": 15,
        "download_attempts": 10,
        "download_delay": 0,
        "max_simultaneous_downloads": 15,
        "max_simultaneous_downloads_per_domain": 5,
        "rate_limit": 50,
        "read_timeout": 300
    },
    "UI_Options": {
        "downloading_item_limit": 5,
        "refresh_rate": 10,
        "scraping_item_limit": 5,
        "vi_mode": false
    }
}
INFO     : 2024-07-16 10:35:48,046 : utilities.py:103 : Starting UI...
INFO     : 2024-07-16 10:35:48,256 : utilities.py:103 : Scrape Starting: https://simpcity.su/threads/frizzylifts.198211
WARNING  : 2024-07-16 10:35:49,204 : utilities.py:103 : Unknown link type: https://simpcity.su/threads/frizzylifts-discussion.218758
DEBUG    : 2024-07-16 10:35:49,214 : utilities.py:103 : Skipping https://www.instagram.com/frizzylifts as it is a blocked domain
WARNING  : 2024-07-16 10:35:49,214 : utilities.py:103 : Unsupported URL: https://onlyfans.com/missfrizz
WARNING  : 2024-07-16 10:35:49,214 : utilities.py:103 : Unsupported URL: https://s9e.github.io/iframe/2
INFO     : 2024-07-16 10:35:49,215 : utilities.py:103 : Scrape Starting: https://simp4.host.church/image4f83f1114ea467b9.png
INFO     : 2024-07-16 10:35:49,216 : utilities.py:103 : Scrape Starting: https://saint2.su/embed/i0bSNk50J3h
INFO     : 2024-07-16 10:35:49,217 : utilities.py:103 : Scrape Finished: https://simp4.host.church/image4f83f1114ea467b9.png
INFO     : 2024-07-16 10:35:49,217 : utilities.py:103 : Scrape Finished: https://simpcity.su/threads/frizzylifts.198211
INFO     : 2024-07-16 10:35:49,217 : utilities.py:103 : Download Starting: https://simp4.host.church/image4f83f1114ea467b9.png
INFO     : 2024-07-16 10:35:49,217 : utilities.py:103 : Scrape Starting: https://simp6.host.church/images2/image3626963580aec93a.png
INFO     : 2024-07-16 10:35:49,218 : utilities.py:103 : Scrape Finished: https://simp6.host.church/images2/image3626963580aec93a.png
INFO     : 2024-07-16 10:35:49,218 : utilities.py:103 : Download Starting: https://simp6.host.church/images2/image3626963580aec93a.png
INFO     : 2024-07-16 10:35:49,218 : utilities.py:103 : Scrape Starting: https://simp4.host.church/Screenshot-2023-10-26-1657507e9ecc486d25958b.png
INFO     : 2024-07-16 10:35:49,218 : utilities.py:103 : Scrape Finished: https://simp4.host.church/Screenshot-2023-10-26-1657507e9ecc486d25958b.png
INFO     : 2024-07-16 10:35:49,218 : utilities.py:103 : Download Starting: https://simp4.host.church/Screenshot-2023-10-26-1657507e9ecc486d25958b.png
INFO     : 2024-07-16 10:35:49,218 : utilities.py:103 : Scrape Starting: https://simp4.host.church/Screenshot-2023-10-26-16570626decb032b10ddf7.png
INFO     : 2024-07-16 10:35:49,218 : utilities.py:103 : Scrape Finished: https://simp4.host.church/Screenshot-2023-10-26-16570626decb032b10ddf7.png
INFO     : 2024-07-16 10:35:49,218 : utilities.py:103 : Download Starting: https://simp4.host.church/Screenshot-2023-10-26-16570626decb032b10ddf7.png
INFO     : 2024-07-16 10:35:49,218 : utilities.py:103 : Scrape Starting: https://simp6.host.church/images2/IMG_696267aa1b5f63d61697.jpg
INFO     : 2024-07-16 10:35:49,219 : utilities.py:103 : Scrape Finished: https://simp6.host.church/images2/IMG_696267aa1b5f63d61697.jpg
INFO     : 2024-07-16 10:35:49,219 : utilities.py:103 : Download Starting: https://simp6.host.church/images2/IMG_696267aa1b5f63d61697.jpg
INFO     : 2024-07-16 10:35:49,219 : utilities.py:103 : Scrape Starting: https://simp6.host.church/images2/IMG_69630fdfeb3d50729b41.jpg
INFO     : 2024-07-16 10:35:49,219 : utilities.py:103 : Scrape Finished: https://simp6.host.church/images2/IMG_69630fdfeb3d50729b41.jpg
INFO     : 2024-07-16 10:35:49,219 : utilities.py:103 : Scrape Starting: https://simp4.host.church/IMG_69646a66235a059ae15d.jpg
INFO     : 2024-07-16 10:35:49,219 : utilities.py:103 : Scrape Finished: https://simp4.host.church/IMG_69646a66235a059ae15d.jpg
INFO     : 2024-07-16 10:35:49,219 : utilities.py:103 : Scrape Starting: https://simp6.host.church/images2/IMG_6965850e4391b94d9416.jpg
INFO     : 2024-07-16 10:35:49,219 : utilities.py:103 : Scrape Finished: https://simp6.host.church/images2/IMG_6965850e4391b94d9416.jpg
INFO     : 2024-07-16 10:35:49,219 : utilities.py:103 : Scrape Starting: https://simp4.host.church/IMG_696604a7af3074383ebe.jpg
INFO     : 2024-07-16 10:35:49,220 : utilities.py:103 : Scrape Finished: https://simp4.host.church/IMG_696604a7af3074383ebe.jpg
INFO     : 2024-07-16 10:35:49,220 : utilities.py:103 : Scrape Starting: https://simp6.host.church/images2/IMG_6967752012bc1dc18b5c.jpg
INFO     : 2024-07-16 10:35:49,220 : utilities.py:103 : Scrape Finished: https://simp6.host.church/images2/IMG_6967752012bc1dc18b5c.jpg
INFO     : 2024-07-16 10:35:49,220 : utilities.py:103 : Scrape Starting: https://simp4.host.church/IMG_6968adc5e055ca430279.jpg
INFO     : 2024-07-16 10:35:49,220 : utilities.py:103 : Scrape Finished: https://simp4.host.church/IMG_6968adc5e055ca430279.jpg
INFO     : 2024-07-16 10:35:49,220 : utilities.py:103 : Scrape Starting: https://simp6.host.church/images2/IMG_6969cf286844378fc50c.jpg
INFO     : 2024-07-16 10:35:49,220 : utilities.py:103 : Scrape Finished: https://simp6.host.church/images2/IMG_6969cf286844378fc50c.jpg
INFO     : 2024-07-16 10:35:49,220 : utilities.py:103 : Scrape Starting: https://simp6.host.church/images3/IMG_69813179500840aec050.jpg
INFO     : 2024-07-16 10:35:49,220 : utilities.py:103 : Scrape Finished: https://simp6.host.church/images3/IMG_69813179500840aec050.jpg
INFO     : 2024-07-16 10:35:49,220 : utilities.py:103 : Scrape Starting: https://simp6.host.church/images3/IMG_6982e371ac8405eda4fb.jpg
INFO     : 2024-07-16 10:35:49,221 : utilities.py:103 : Scrape Finished: https://simp6.host.church/images3/IMG_6982e371ac8405eda4fb.jpg
INFO     : 2024-07-16 10:35:49,221 : utilities.py:103 : Scrape Starting: https://simp4.host.church/IMG_6983fd127d83daafa116.jpg
INFO     : 2024-07-16 10:35:49,221 : utilities.py:103 : Scrape Finished: https://simp4.host.church/IMG_6983fd127d83daafa116.jpg
INFO     : 2024-07-16 10:35:49,221 : utilities.py:103 : Scrape Starting: https://simp4.host.church/IMG_698401517765ca370ac2.jpg
INFO     : 2024-07-16 10:35:49,221 : utilities.py:103 : Scrape Finished: https://simp4.host.church/IMG_698401517765ca370ac2.jpg
INFO     : 2024-07-16 10:35:49,221 : utilities.py:103 : Scrape Starting: https://simp6.host.church/images3/708x1012_08f8c0940851d785b5b577b9da82ddfa3a1beed3ba67ff1f.jpg
INFO     : 2024-07-16 10:35:49,221 : utilities.py:103 : Scrape Finished: https://simp6.host.church/images3/708x1012_08f8c0940851d785b5b577b9da82ddfa3a1beed3ba67ff1f.jpg
INFO     : 2024-07-16 10:35:49,221 : utilities.py:103 : Scrape Starting: https://simp6.host.church/images3/1270x946_4f5be2c9737780ef3575d30881abca82234f12a3ce0e229c.jpg
INFO     : 2024-07-16 10:35:49,221 : utilities.py:103 : Scrape Finished: https://simp6.host.church/images3/1270x946_4f5be2c9737780ef3575d30881abca82234f12a3ce0e229c.jpg
INFO     : 2024-07-16 10:35:49,222 : utilities.py:103 : Scrape Starting: https://simp4.host.church/1290x931_336bf50d6432004b001434f312e3d7bb0d23547596acb3b8.jpg
INFO     : 2024-07-16 10:35:49,222 : utilities.py:103 : Scrape Finished: https://simp4.host.church/1290x931_336bf50d6432004b001434f312e3d7bb0d23547596acb3b8.jpg
INFO     : 2024-07-16 10:35:49,222 : utilities.py:103 : Scrape Starting: https://simp4.host.church/816x1058_6fc554e061c61abb45bfef68806ec344a34767d8834caf5d.jpg
INFO     : 2024-07-16 10:35:49,222 : utilities.py:103 : Scrape Finished: https://simp4.host.church/816x1058_6fc554e061c61abb45bfef68806ec344a34767d8834caf5d.jpg
INFO     : 2024-07-16 10:35:49,222 : utilities.py:103 : Scrape Starting: https://simp4.host.church/772x994_7eed3ab94d39f5f7f00961ddfad23191c9d58d38ff7ded01.jpg
INFO     : 2024-07-16 10:35:49,222 : utilities.py:103 : Scrape Finished: https://simp4.host.church/772x994_7eed3ab94d39f5f7f00961ddfad23191c9d58d38ff7ded01.jpg
INFO     : 2024-07-16 10:35:49,222 : utilities.py:103 : Scrape Starting: https://simp4.host.church/1290x1700_0b10059f82ea16c173b928a645fd69d4d659082fb62129e1.jpg
INFO     : 2024-07-16 10:35:49,222 : utilities.py:103 : Scrape Finished: https://simp4.host.church/1290x1700_0b10059f82ea16c173b928a645fd69d4d659082fb62129e1.jpg
INFO     : 2024-07-16 10:35:49,222 : utilities.py:103 : Scrape Starting: https://simp6.host.church/images3/1290x1700_0b10059f82ea16c173b928a645fd69d4-169db1c6971ee589c.jpg
INFO     : 2024-07-16 10:35:49,222 : utilities.py:103 : Scrape Finished: https://simp6.host.church/images3/1290x1700_0b10059f82ea16c173b928a645fd69d4-169db1c6971ee589c.jpg
INFO     : 2024-07-16 10:35:49,223 : utilities.py:103 : Scrape Starting: https://simp6.host.church/images3/1290x1700_3501d077cb4984f7eb262eacff568e09fc50632b15aab2cb.jpg
INFO     : 2024-07-16 10:35:49,223 : utilities.py:103 : Scrape Finished: https://simp6.host.church/images3/1290x1700_3501d077cb4984f7eb262eacff568e09fc50632b15aab2cb.jpg
INFO     : 2024-07-16 10:35:49,223 : utilities.py:103 : Scrape Starting: https://simp6.host.church/images3/2274x3184_d0042d67856796b9c0fdc828946d6f61104bf8a43a8947c3.jpg
INFO     : 2024-07-16 10:35:49,223 : utilities.py:103 : Scrape Finished: https://simp6.host.church/images3/2274x3184_d0042d67856796b9c0fdc828946d6f61104bf8a43a8947c3.jpg
INFO     : 2024-07-16 10:35:49,223 : utilities.py:103 : Scrape Starting: https://simp4.host.church/2375x3325_70e1387b482224a112c30b4571395c9ee7cb3dbedcd0c7a3.jpg
INFO     : 2024-07-16 10:35:49,223 : utilities.py:103 : Scrape Finished: https://simp4.host.church/2375x3325_70e1387b482224a112c30b4571395c9ee7cb3dbedcd0c7a3.jpg
INFO     : 2024-07-16 10:35:49,223 : utilities.py:103 : Scrape Starting: https://simp6.host.church/images3/2277x3189_d089f976bc14fb139f020e4b3271ed0ce93da827e02b1d90.jpg
INFO     : 2024-07-16 10:35:49,223 : utilities.py:103 : Scrape Finished: https://simp6.host.church/images3/2277x3189_d089f976bc14fb139f020e4b3271ed0ce93da827e02b1d90.jpg
INFO     : 2024-07-16 10:35:49,223 : utilities.py:103 : Scrape Starting: https://simp4.host.church/2034x2848_cde276d1f64abf1fbe477d6235b886807c1dec6c8f240800.jpg
INFO     : 2024-07-16 10:35:49,224 : utilities.py:103 : Scrape Finished: https://simp4.host.church/2034x2848_cde276d1f64abf1fbe477d6235b886807c1dec6c8f240800.jpg
INFO     : 2024-07-16 10:35:49,224 : utilities.py:103 : Scrape Starting: https://simp4.host.church/2243x1601_92d07eb2e038b409002a6452ed4a305816e028f60d71b273.jpg
INFO     : 2024-07-16 10:35:49,224 : utilities.py:103 : Scrape Finished: https://simp4.host.church/2243x1601_92d07eb2e038b409002a6452ed4a305816e028f60d71b273.jpg
INFO     : 2024-07-16 10:35:49,224 : utilities.py:103 : Scrape Starting: https://simp6.host.church/images3/2254x1802_6a39b9372633a6a6fd355e542f2aed3aa215e6d1c135cb59.jpg
INFO     : 2024-07-16 10:35:49,224 : utilities.py:103 : Scrape Finished: https://simp6.host.church/images3/2254x1802_6a39b9372633a6a6fd355e542f2aed3aa215e6d1c135cb59.jpg
INFO     : 2024-07-16 10:35:49,224 : utilities.py:103 : Scrape Starting: https://simp6.host.church/images3/Screenshot_20231227-163248204bcbd0f4e2bf778.png
INFO     : 2024-07-16 10:35:49,224 : utilities.py:103 : Scrape Finished: https://simp6.host.church/images3/Screenshot_20231227-163248204bcbd0f4e2bf778.png
INFO     : 2024-07-16 10:35:49,224 : utilities.py:103 : Scrape Starting: https://simp6.host.church/images3/Screenshot_20231227-163251256cb9e7e959d88a6.png
INFO     : 2024-07-16 10:35:49,224 : utilities.py:103 : Scrape Finished: https://simp6.host.church/images3/Screenshot_20231227-163251256cb9e7e959d88a6.png
INFO     : 2024-07-16 10:35:49,224 : utilities.py:103 : Scrape Starting: https://simp6.host.church/images3/1290x1806_4e1101740d313de48c61bfff6766fec3a9dbc927eb746ce4.jpg
INFO     : 2024-07-16 10:35:49,225 : utilities.py:103 : Scrape Finished: https://simp6.host.church/images3/1290x1806_4e1101740d313de48c61bfff6766fec3a9dbc927eb746ce4.jpg
INFO     : 2024-07-16 10:35:49,225 : utilities.py:103 : Scrape Starting: https://simp6.host.church/images3/1290x1806_422c70bb9d40d4c236034c216a7e42cf926c532e880c0187.jpg
INFO     : 2024-07-16 10:35:49,225 : utilities.py:103 : Scrape Finished: https://simp6.host.church/images3/1290x1806_422c70bb9d40d4c236034c216a7e42cf926c532e880c0187.jpg
INFO     : 2024-07-16 10:35:49,225 : utilities.py:103 : Scrape Starting: https://simp4.host.church/1290x1806_09a81f71728ee1acd83da83d156c5ff8da64ec91c0b741a6.jpg
INFO     : 2024-07-16 10:35:49,225 : utilities.py:103 : Scrape Finished: https://simp4.host.church/1290x1806_09a81f71728ee1acd83da83d156c5ff8da64ec91c0b741a6.jpg
INFO     : 2024-07-16 10:35:49,225 : utilities.py:103 : Scrape Starting: https://simp4.host.church/1010x1432_65cae55dfba5ab27bcf86d6aafe0f8908cd0995c53721abf.jpg
INFO     : 2024-07-16 10:35:49,225 : utilities.py:103 : Scrape Finished: https://simp4.host.church/1010x1432_65cae55dfba5ab27bcf86d6aafe0f8908cd0995c53721abf.jpg
INFO     : 2024-07-16 10:35:49,225 : utilities.py:103 : Scrape Starting: https://simp6.host.church/images3/1290x1442_cb2a259049779a78ded0de06ed1311f5ddff1b08ff21a670.jpg
INFO     : 2024-07-16 10:35:49,225 : utilities.py:103 : Scrape Finished: https://simp6.host.church/images3/1290x1442_cb2a259049779a78ded0de06ed1311f5ddff1b08ff21a670.jpg
INFO     : 2024-07-16 10:35:49,225 : utilities.py:103 : Scrape Starting: https://simp4.host.church/1290x1575_6d24dfc95b16cb722fb81f83eb382d32e92f5c21b8fb5a11.jpg
INFO     : 2024-07-16 10:35:49,226 : utilities.py:103 : Scrape Finished: https://simp4.host.church/1290x1575_6d24dfc95b16cb722fb81f83eb382d32e92f5c21b8fb5a11.jpg
INFO     : 2024-07-16 10:35:49,226 : utilities.py:103 : Scrape Starting: https://simp4.host.church/1290x1697_3c72e04b1d258d9c9c8e696a5d213857aad377a8ca3f0b00.jpg
INFO     : 2024-07-16 10:35:49,226 : utilities.py:103 : Scrape Finished: https://simp4.host.church/1290x1697_3c72e04b1d258d9c9c8e696a5d213857aad377a8ca3f0b00.jpg
INFO     : 2024-07-16 10:35:49,226 : utilities.py:103 : Scrape Starting: https://simp6.host.church/images3/1290x2257_3d22aca40bc98a6946b55d574c4485c86ed89d9d9395dcdc.jpg
INFO     : 2024-07-16 10:35:49,226 : utilities.py:103 : Scrape Finished: https://simp6.host.church/images3/1290x2257_3d22aca40bc98a6946b55d574c4485c86ed89d9d9395dcdc.jpg
INFO     : 2024-07-16 10:35:49,226 : utilities.py:103 : Scrape Starting: https://simp4.host.church/2278x3189_386a8d5bd657a7aa93c2d3fee7c1aa8d32618f231f4216fb.jpg
INFO     : 2024-07-16 10:35:49,226 : utilities.py:103 : Scrape Finished: https://simp4.host.church/2278x3189_386a8d5bd657a7aa93c2d3fee7c1aa8d32618f231f4216fb.jpg
INFO     : 2024-07-16 10:35:49,226 : utilities.py:103 : Scrape Starting: https://simp4.host.church/2024/IMG_32503443c2b36b1e1d24.jpg
INFO     : 2024-07-16 10:35:49,226 : utilities.py:103 : Scrape Finished: https://simp4.host.church/2024/IMG_32503443c2b36b1e1d24.jpg
INFO     : 2024-07-16 10:35:49,226 : utilities.py:103 : Scrape Starting: https://simp6.host.church/images3/1290x2122_e91390e7c89b3d43dffd3f340f965ae8f30233104cc13f6d.jpg
INFO     : 2024-07-16 10:35:49,227 : utilities.py:103 : Scrape Finished: https://simp6.host.church/images3/1290x2122_e91390e7c89b3d43dffd3f340f965ae8f30233104cc13f6d.jpg
INFO     : 2024-07-16 10:35:49,227 : utilities.py:103 : Scrape Starting: https://simp6.host.church/images3/1290x2103_75690a86972f0583f93bfa5cafe8bc4d05a17f34b1da0c5a.jpg
INFO     : 2024-07-16 10:35:49,227 : utilities.py:103 : Scrape Finished: https://simp6.host.church/images3/1290x2103_75690a86972f0583f93bfa5cafe8bc4d05a17f34b1da0c5a.jpg
INFO     : 2024-07-16 10:35:49,227 : utilities.py:103 : Scrape Starting: https://simp6.host.church/images3/1290x2115_cba92ff2a2a7ae76b33f563e0157e62f701770258eaa6445.jpg
INFO     : 2024-07-16 10:35:49,227 : utilities.py:103 : Scrape Finished: https://simp6.host.church/images3/1290x2115_cba92ff2a2a7ae76b33f563e0157e62f701770258eaa6445.jpg
INFO     : 2024-07-16 10:35:49,227 : utilities.py:103 : Scrape Starting: https://simp6.host.church/images3/1290x2121_d077eb8dc5327fd978f390cd29805c92f4a4b1f515341860.jpg
INFO     : 2024-07-16 10:35:49,227 : utilities.py:103 : Scrape Finished: https://simp6.host.church/images3/1290x2121_d077eb8dc5327fd978f390cd29805c92f4a4b1f515341860.jpg
INFO     : 2024-07-16 10:35:49,227 : utilities.py:103 : Scrape Starting: https://simp6.host.church/images3/1290x2114_c5cb708df0787f9a04e13e1694cadb714507fcd8748e88b8.jpg
INFO     : 2024-07-16 10:35:49,228 : utilities.py:103 : Scrape Finished: https://simp6.host.church/images3/1290x2114_c5cb708df0787f9a04e13e1694cadb714507fcd8748e88b8.jpg
INFO     : 2024-07-16 10:35:49,228 : utilities.py:103 : Scrape Starting: https://simp6.host.church/images3/1282x2121_750197dd22841ee2ffb278b538ec605f7402d474fefda84c.jpg
INFO     : 2024-07-16 10:35:49,228 : utilities.py:103 : Scrape Finished: https://simp6.host.church/images3/1282x2121_750197dd22841ee2ffb278b538ec605f7402d474fefda84c.jpg
INFO     : 2024-07-16 10:35:49,228 : utilities.py:103 : Scrape Starting: https://simp6.host.church/images3/960x1707_940a53cb0d16d76e51377bc435b41c2c90136695a04f0475.jpg
INFO     : 2024-07-16 10:35:49,228 : utilities.py:103 : Scrape Finished: https://simp6.host.church/images3/960x1707_940a53cb0d16d76e51377bc435b41c2c90136695a04f0475.jpg
INFO     : 2024-07-16 10:35:49,228 : utilities.py:103 : Scrape Starting: https://simp6.host.church/images3/1080x1920_65c8b63d5562f6476ddd18a9d963de0b279ea533ccd6e656.jpg
INFO     : 2024-07-16 10:35:49,228 : utilities.py:103 : Scrape Finished: https://simp6.host.church/images3/1080x1920_65c8b63d5562f6476ddd18a9d963de0b279ea533ccd6e656.jpg
INFO     : 2024-07-16 10:35:49,228 : utilities.py:103 : Scrape Starting: https://simp6.host.church/images3/1080x1920_f32f4499edb58c7cb23263a86bda5933cd4fa85aa7747124.jpg
INFO     : 2024-07-16 10:35:49,229 : utilities.py:103 : Scrape Finished: https://simp6.host.church/images3/1080x1920_f32f4499edb58c7cb23263a86bda5933cd4fa85aa7747124.jpg
INFO     : 2024-07-16 10:35:49,229 : utilities.py:103 : Scrape Starting: https://simp6.host.church/images3/1080x1920_75360b9a86418697320f3df16adca5d397673d90990b1c4c.jpg
INFO     : 2024-07-16 10:35:49,229 : utilities.py:103 : Scrape Finished: https://simp6.host.church/images3/1080x1920_75360b9a86418697320f3df16adca5d397673d90990b1c4c.jpg
INFO     : 2024-07-16 10:35:49,229 : utilities.py:103 : Scrape Starting: https://simp6.host.church/images3/1080x1920_49d8b27291b5753cae43a3b70b290971a5b93f3054722a3c.jpg
INFO     : 2024-07-16 10:35:49,229 : utilities.py:103 : Scrape Finished: https://simp6.host.church/images3/1080x1920_49d8b27291b5753cae43a3b70b290971a5b93f3054722a3c.jpg
INFO     : 2024-07-16 10:35:49,229 : utilities.py:103 : Scrape Starting: https://simp6.host.church/images3/2316x3088_dd482015827ed08961d7a5b0e4b0a4bea5a7b04dae0128b6.jpg
INFO     : 2024-07-16 10:35:49,229 : utilities.py:103 : Scrape Finished: https://simp6.host.church/images3/2316x3088_dd482015827ed08961d7a5b0e4b0a4bea5a7b04dae0128b6.jpg
INFO     : 2024-07-16 10:35:49,229 : utilities.py:103 : Scrape Starting: https://simp6.host.church/images3/1177x1961_b7af41ae02ed4a0b5c2a56c9544ec52f8885d469af1ed19b.jpg
INFO     : 2024-07-16 10:35:49,230 : utilities.py:103 : Scrape Finished: https://simp6.host.church/images3/1177x1961_b7af41ae02ed4a0b5c2a56c9544ec52f8885d469af1ed19b.jpg
INFO     : 2024-07-16 10:35:49,230 : utilities.py:103 : Scrape Starting: https://simp6.host.church/images3/2316x3088_e83ea688e22623ba1ccfa3284dc11f4b02ae89f609a30a10.jpg
INFO     : 2024-07-16 10:35:49,230 : utilities.py:103 : Scrape Finished: https://simp6.host.church/images3/2316x3088_e83ea688e22623ba1ccfa3284dc11f4b02ae89f609a30a10.jpg
INFO     : 2024-07-16 10:35:49,230 : utilities.py:103 : Scrape Starting: https://simp6.host.church/images3/1571x2619_39b3762f0059b08dad04ec2bf903bcaad50b76d77f2ca5fd.jpg
INFO     : 2024-07-16 10:35:49,230 : utilities.py:103 : Scrape Finished: https://simp6.host.church/images3/1571x2619_39b3762f0059b08dad04ec2bf903bcaad50b76d77f2ca5fd.jpg
INFO     : 2024-07-16 10:35:49,230 : utilities.py:103 : Scrape Starting: https://simp6.host.church/images3/1418x2364_32b7b8438ce452a0b8360e5edf7fc7f5727eaec8b09cf8ff.jpg
INFO     : 2024-07-16 10:35:49,230 : utilities.py:103 : Scrape Finished: https://simp6.host.church/images3/1418x2364_32b7b8438ce452a0b8360e5edf7fc7f5727eaec8b09cf8ff.jpg
INFO     : 2024-07-16 10:35:49,230 : utilities.py:103 : Scrape Starting: https://simp6.host.church/images3/1641x2736_8e4161872e9883590d8acea45d2f653ef1345f7782326003.jpg
INFO     : 2024-07-16 10:35:49,230 : utilities.py:103 : Scrape Finished: https://simp6.host.church/images3/1641x2736_8e4161872e9883590d8acea45d2f653ef1345f7782326003.jpg
INFO     : 2024-07-16 10:35:49,230 : utilities.py:103 : Scrape Starting: https://simp6.host.church/images3/1606x2676_9e63426402446a5308309d62af800d49-13bd634dced1f7957.jpg
INFO     : 2024-07-16 10:35:49,231 : utilities.py:103 : Scrape Finished: https://simp6.host.church/images3/1606x2676_9e63426402446a5308309d62af800d49-13bd634dced1f7957.jpg
INFO     : 2024-07-16 10:35:49,231 : utilities.py:103 : Scrape Starting: https://simp6.host.church/images3/1606x2676_9e63426402446a5308309d62af800d4935b64d917cfc8865.jpg
INFO     : 2024-07-16 10:35:49,231 : utilities.py:103 : Scrape Finished: https://simp6.host.church/images3/1606x2676_9e63426402446a5308309d62af800d4935b64d917cfc8865.jpg
INFO     : 2024-07-16 10:35:49,231 : utilities.py:103 : Scrape Starting: https://simp6.host.church/images3/1684x2807_bb8f71f202665d33a56c1a891dc07a349712cc4946eae049.jpg
INFO     : 2024-07-16 10:35:49,231 : utilities.py:103 : Scrape Finished: https://simp6.host.church/images3/1684x2807_bb8f71f202665d33a56c1a891dc07a349712cc4946eae049.jpg
INFO     : 2024-07-16 10:35:49,231 : utilities.py:103 : Scrape Starting: https://simp6.host.church/images3/1290x2120_8cd4fafef7a59ec2bd4a93dc9049c093f3956674b6941167.jpg
INFO     : 2024-07-16 10:35:49,231 : utilities.py:103 : Scrape Finished: https://simp6.host.church/images3/1290x2120_8cd4fafef7a59ec2bd4a93dc9049c093f3956674b6941167.jpg
INFO     : 2024-07-16 10:35:49,231 : utilities.py:103 : Scrape Starting: https://simp6.host.church/images3/1290x2114_3d9fe13d553c6dcbe7abfd6215be19dfdc908eecb0eb35e5.jpg
INFO     : 2024-07-16 10:35:49,232 : utilities.py:103 : Scrape Finished: https://simp6.host.church/images3/1290x2114_3d9fe13d553c6dcbe7abfd6215be19dfdc908eecb0eb35e5.jpg
INFO     : 2024-07-16 10:35:49,232 : utilities.py:103 : Scrape Starting: https://simp6.host.church/images3/2248x3372_887ec7990a03702c61074476215eb2a6c57e38414a0eb1e3.jpg
INFO     : 2024-07-16 10:35:49,232 : utilities.py:103 : Scrape Finished: https://simp6.host.church/images3/2248x3372_887ec7990a03702c61074476215eb2a6c57e38414a0eb1e3.jpg
INFO     : 2024-07-16 10:35:49,232 : utilities.py:103 : Scrape Starting: https://simp6.host.church/images3/1290x1673_10fe90be3058846e6ab7252b52b5c476aa03960716d364ea.jpg
INFO     : 2024-07-16 10:35:49,232 : utilities.py:103 : Scrape Finished: https://simp6.host.church/images3/1290x1673_10fe90be3058846e6ab7252b52b5c476aa03960716d364ea.jpg
INFO     : 2024-07-16 10:35:49,232 : utilities.py:103 : Scrape Starting: https://simp6.host.church/images3/1290x1978_fd079f115571493d46553b5105cf406152b99ba383499537.jpg
INFO     : 2024-07-16 10:35:49,232 : utilities.py:103 : Scrape Finished: https://simp6.host.church/images3/1290x1978_fd079f115571493d46553b5105cf406152b99ba383499537.jpg
INFO     : 2024-07-16 10:35:49,232 : utilities.py:103 : Scrape Starting: https://simp6.host.church/images3/960x960_93099be28e583d50d265297a41c15fb950baa22fa0bae3f1.jpg
INFO     : 2024-07-16 10:35:49,232 : utilities.py:103 : Scrape Finished: https://simp6.host.church/images3/960x960_93099be28e583d50d265297a41c15fb950baa22fa0bae3f1.jpg
INFO     : 2024-07-16 10:35:49,232 : utilities.py:103 : Scrape Starting: https://simp6.host.church/images3/1290x2254_6362eefd1fbd79b7d16ebee03e6a75d382ebeba0be3c4aa1.jpg
INFO     : 2024-07-16 10:35:49,233 : utilities.py:103 : Scrape Finished: https://simp6.host.church/images3/1290x2254_6362eefd1fbd79b7d16ebee03e6a75d382ebeba0be3c4aa1.jpg
INFO     : 2024-07-16 10:35:49,233 : utilities.py:103 : Scrape Starting: https://simp6.host.church/images3/1290x2257_3d22aca40bc98a6946b55d574c4485c8a889b0c469f3f6c6.jpg
INFO     : 2024-07-16 10:35:49,233 : utilities.py:103 : Scrape Finished: https://simp6.host.church/images3/1290x2257_3d22aca40bc98a6946b55d574c4485c8a889b0c469f3f6c6.jpg
INFO     : 2024-07-16 10:35:49,233 : utilities.py:103 : Scrape Starting: https://simp6.host.church/images3/1290x2796_a129b6da549d3a77c964e425ab98e0610cfcf5fcfd622fa7.jpg
INFO     : 2024-07-16 10:35:49,233 : utilities.py:103 : Scrape Finished: https://simp6.host.church/images3/1290x2796_a129b6da549d3a77c964e425ab98e0610cfcf5fcfd622fa7.jpg
INFO     : 2024-07-16 10:35:49,233 : utilities.py:103 : Scrape Starting: https://simp6.host.church/images3/1290x2244_6f7236974b9915d6f6435f7ba16d6239770665e08b949044.jpg
INFO     : 2024-07-16 10:35:49,233 : utilities.py:103 : Scrape Finished: https://simp6.host.church/images3/1290x2244_6f7236974b9915d6f6435f7ba16d6239770665e08b949044.jpg
INFO     : 2024-07-16 10:35:49,233 : utilities.py:103 : Scrape Starting: https://simp6.host.church/images3/1290x1882_585a4288897a1f35bc44613f3cc3bc0528244ef07b08cd9b.jpg
INFO     : 2024-07-16 10:35:49,234 : utilities.py:103 : Scrape Finished: https://simp6.host.church/images3/1290x1882_585a4288897a1f35bc44613f3cc3bc0528244ef07b08cd9b.jpg
INFO     : 2024-07-16 10:35:49,234 : utilities.py:103 : Scrape Starting: https://simp6.host.church/images3/1253x1874_a125e75ef08aea8244d7dc6e8d600d3c7b312e31957fd405.jpg
INFO     : 2024-07-16 10:35:49,234 : utilities.py:103 : Scrape Finished: https://simp6.host.church/images3/1253x1874_a125e75ef08aea8244d7dc6e8d600d3c7b312e31957fd405.jpg
INFO     : 2024-07-16 10:35:49,234 : utilities.py:103 : Scrape Starting: https://simp6.host.church/images3/1000017814f78bb7c804695da1.jpg
INFO     : 2024-07-16 10:35:49,234 : utilities.py:103 : Scrape Finished: https://simp6.host.church/images3/1000017814f78bb7c804695da1.jpg
INFO     : 2024-07-16 10:35:49,234 : utilities.py:103 : Scrape Starting: https://simp6.host.church/images3/100001781641031f88bae69311.jpg
INFO     : 2024-07-16 10:35:49,234 : utilities.py:103 : Scrape Finished: https://simp6.host.church/images3/100001781641031f88bae69311.jpg
INFO     : 2024-07-16 10:35:49,234 : utilities.py:103 : Scrape Starting: https://simp6.host.church/images3/100001781520adbea2a157db96.jpg
INFO     : 2024-07-16 10:35:49,234 : utilities.py:103 : Scrape Finished: https://simp6.host.church/images3/100001781520adbea2a157db96.jpg
INFO     : 2024-07-16 10:35:49,235 : utilities.py:103 : Scrape Starting: https://simp6.host.church/images3/1000017818f1ef65da2f1e6910.jpg
INFO     : 2024-07-16 10:35:49,235 : utilities.py:103 : Scrape Finished: https://simp6.host.church/images3/1000017818f1ef65da2f1e6910.jpg
INFO     : 2024-07-16 10:35:49,235 : utilities.py:103 : Scrape Starting: https://simp6.host.church/images3/10000178171bf4642bb8a986cf.jpg
INFO     : 2024-07-16 10:35:49,235 : utilities.py:103 : Scrape Finished: https://simp6.host.church/images3/10000178171bf4642bb8a986cf.jpg
INFO     : 2024-07-16 10:35:49,235 : utilities.py:103 : Scrape Starting: https://simp6.host.church/images3/2126x2976_ed6895f177a829b0273f52023185e250cc147f1d100397c7.jpg
INFO     : 2024-07-16 10:35:49,235 : utilities.py:103 : Scrape Finished: https://simp6.host.church/images3/2126x2976_ed6895f177a829b0273f52023185e250cc147f1d100397c7.jpg
INFO     : 2024-07-16 10:35:49,235 : utilities.py:103 : Scrape Starting: https://simp6.host.church/images3/2084x2918_a142b30474f4f71793f12902906a59f2243a587bdc3f7137.jpg
INFO     : 2024-07-16 10:35:49,235 : utilities.py:103 : Scrape Finished: https://simp6.host.church/images3/2084x2918_a142b30474f4f71793f12902906a59f2243a587bdc3f7137.jpg
INFO     : 2024-07-16 10:35:49,235 : utilities.py:103 : Scrape Starting: https://simp6.host.church/images3/3840x5121_0ef12aa65e1b302172c50a9571d023bd27d8f7dab09f1d20.jpg
INFO     : 2024-07-16 10:35:49,236 : utilities.py:103 : Scrape Finished: https://simp6.host.church/images3/3840x5121_0ef12aa65e1b302172c50a9571d023bd27d8f7dab09f1d20.jpg
INFO     : 2024-07-16 10:35:49,236 : utilities.py:103 : Scrape Starting: https://simp6.host.church/images3/3840x5121_36ce6d429b6308fe2691e2b0e02c135ceccd649b12608692.jpg
INFO     : 2024-07-16 10:35:49,236 : utilities.py:103 : Scrape Finished: https://simp6.host.church/images3/3840x5121_36ce6d429b6308fe2691e2b0e02c135ceccd649b12608692.jpg
INFO     : 2024-07-16 10:35:49,236 : utilities.py:103 : Scrape Starting: https://simp6.host.church/images3/3840x5121_ec31dbe44da68380760fcc48681f11f356f3d1bd2fbae278.jpg
INFO     : 2024-07-16 10:35:49,236 : utilities.py:103 : Scrape Finished: https://simp6.host.church/images3/3840x5121_ec31dbe44da68380760fcc48681f11f356f3d1bd2fbae278.jpg
INFO     : 2024-07-16 10:35:49,236 : utilities.py:103 : Scrape Starting: https://simp6.host.church/images3/3608x4811_ef07d5be77145dbad1037a324ae66fed479bd8c9a1a7b675.jpg
INFO     : 2024-07-16 10:35:49,236 : utilities.py:103 : Scrape Finished: https://simp6.host.church/images3/3608x4811_ef07d5be77145dbad1037a324ae66fed479bd8c9a1a7b675.jpg
INFO     : 2024-07-16 10:35:49,236 : utilities.py:103 : Scrape Starting: https://simp6.host.church/images3/3840x5120_70ae0125d74dcb8c7314574d4470ac877d6b0f10c2dc20d1.jpg
INFO     : 2024-07-16 10:35:49,236 : utilities.py:103 : Scrape Finished: https://simp6.host.church/images3/3840x5120_70ae0125d74dcb8c7314574d4470ac877d6b0f10c2dc20d1.jpg
INFO     : 2024-07-16 10:35:49,238 : utilities.py:103 : Scrape Starting: https://simp6.host.church/images3/3610x4814_0716faf35b85ab2d335d0c0dab1dbe532316f1c421b135e6.jpg
INFO     : 2024-07-16 10:35:49,239 : utilities.py:103 : Scrape Finished: https://simp6.host.church/images3/3610x4814_0716faf35b85ab2d335d0c0dab1dbe532316f1c421b135e6.jpg
INFO     : 2024-07-16 10:35:49,239 : utilities.py:103 : Scrape Starting: https://simp6.host.church/images3/3561x4748_2612c92fdea1b1133a0d6cb848b8378c7c42fc57dd886884.jpg
INFO     : 2024-07-16 10:35:49,239 : utilities.py:103 : Scrape Finished: https://simp6.host.church/images3/3561x4748_2612c92fdea1b1133a0d6cb848b8378c7c42fc57dd886884.jpg
INFO     : 2024-07-16 10:35:49,239 : utilities.py:103 : Scrape Starting: https://simp6.host.church/images3/3341x4454_f4a5913f144d3135ca67daa9232d5828396184d5904cc6cd.jpg
INFO     : 2024-07-16 10:35:49,239 : utilities.py:103 : Scrape Finished: https://simp6.host.church/images3/3341x4454_f4a5913f144d3135ca67daa9232d5828396184d5904cc6cd.jpg
INFO     : 2024-07-16 10:35:49,239 : utilities.py:103 : Scrape Starting: https://simp6.host.church/images3/3704x4939_be9bdb2c74a2229110cc84cf87e8a1b9507693e6ba7300f4.jpg
INFO     : 2024-07-16 10:35:49,239 : utilities.py:103 : Scrape Finished: https://simp6.host.church/images3/3704x4939_be9bdb2c74a2229110cc84cf87e8a1b9507693e6ba7300f4.jpg
INFO     : 2024-07-16 10:35:49,240 : utilities.py:103 : Scrape Starting: https://simp6.host.church/images3/3138x4184_f8b6399bb3704fac34a89cdbf54032a3b31109e76cbfc998.jpg
INFO     : 2024-07-16 10:35:49,240 : utilities.py:103 : Scrape Finished: https://simp6.host.church/images3/3138x4184_f8b6399bb3704fac34a89cdbf54032a3b31109e76cbfc998.jpg
INFO     : 2024-07-16 10:35:49,240 : utilities.py:103 : Scrape Starting: https://simp6.host.church/images3/1290x1875_571e79aac699a627558dd3f1dc7148077200daf7cb861edb.jpg
INFO     : 2024-07-16 10:35:49,240 : utilities.py:103 : Scrape Finished: https://simp6.host.church/images3/1290x1875_571e79aac699a627558dd3f1dc7148077200daf7cb861edb.jpg
INFO     : 2024-07-16 10:35:49,240 : utilities.py:103 : Scrape Starting: https://simp6.host.church/images3/1290x2114_3c3c191da1045baab1bd558c6be9953bccda2fcf64a765e7.jpg
INFO     : 2024-07-16 10:35:49,240 : utilities.py:103 : Scrape Finished: https://simp6.host.church/images3/1290x2114_3c3c191da1045baab1bd558c6be9953bccda2fcf64a765e7.jpg
INFO     : 2024-07-16 10:35:49,240 : utilities.py:103 : Scrape Starting: https://simp6.host.church/images3/1290x2114_084ae8eb25aaff6e4d531ef689aa8c0c386e09c46de75480.jpg
INFO     : 2024-07-16 10:35:49,240 : utilities.py:103 : Scrape Finished: https://simp6.host.church/images3/1290x2114_084ae8eb25aaff6e4d531ef689aa8c0c386e09c46de75480.jpg
INFO     : 2024-07-16 10:35:49,240 : utilities.py:103 : Scrape Starting: https://simp6.host.church/images3/1290x2251_fc960b28ef823ff30e54c5106dfef70a8b29e54429667adb.jpg
INFO     : 2024-07-16 10:35:49,241 : utilities.py:103 : Scrape Finished: https://simp6.host.church/images3/1290x2251_fc960b28ef823ff30e54c5106dfef70a8b29e54429667adb.jpg
INFO     : 2024-07-16 10:35:49,241 : utilities.py:103 : Scrape Starting: https://simp6.host.church/images3/1290x2108_8a6539574d1e7c8849d6d42d9285dfc7adf1bb3cd3ff8ea6.jpg
INFO     : 2024-07-16 10:35:49,241 : utilities.py:103 : Scrape Finished: https://simp6.host.church/images3/1290x2108_8a6539574d1e7c8849d6d42d9285dfc7adf1bb3cd3ff8ea6.jpg
INFO     : 2024-07-16 10:35:49,241 : utilities.py:103 : Scrape Starting: https://simp6.host.church/images3/1266x2115_a46e212af0170324f39c4ab9ebf4860e79188dc9787b6099.jpg
INFO     : 2024-07-16 10:35:49,241 : utilities.py:103 : Scrape Finished: https://simp6.host.church/images3/1266x2115_a46e212af0170324f39c4ab9ebf4860e79188dc9787b6099.jpg
INFO     : 2024-07-16 10:35:49,241 : utilities.py:103 : Scrape Starting: https://simp6.host.church/images3/1290x2118_bc701b294a00422d59443772ab511a942b8837655fd85325.jpg
INFO     : 2024-07-16 10:35:49,241 : utilities.py:103 : Scrape Finished: https://simp6.host.church/images3/1290x2118_bc701b294a00422d59443772ab511a942b8837655fd85325.jpg
INFO     : 2024-07-16 10:35:49,241 : utilities.py:103 : Scrape Starting: https://simp6.host.church/images3/1290x2098_a901aa0f998aba82fdaaf04054f18028e8affd034fb647cc.jpg
INFO     : 2024-07-16 10:35:49,242 : utilities.py:103 : Scrape Finished: https://simp6.host.church/images3/1290x2098_a901aa0f998aba82fdaaf04054f18028e8affd034fb647cc.jpg
INFO     : 2024-07-16 10:35:49,242 : utilities.py:103 : Scrape Starting: https://simp6.host.church/images3/1263x2107_efe59eaeea6e57d7b88fa61192173ceba14db17b3804bbf1.jpg
INFO     : 2024-07-16 10:35:49,242 : utilities.py:103 : Scrape Finished: https://simp6.host.church/images3/1263x2107_efe59eaeea6e57d7b88fa61192173ceba14db17b3804bbf1.jpg
INFO     : 2024-07-16 10:35:49,242 : utilities.py:103 : Scrape Starting: https://simp6.host.church/images3/1265x2240_72c744d7bc328cdb282b07f1344fc0feff24a5deb428aeca.jpg
INFO     : 2024-07-16 10:35:49,242 : utilities.py:103 : Scrape Finished: https://simp6.host.church/images3/1265x2240_72c744d7bc328cdb282b07f1344fc0feff24a5deb428aeca.jpg
INFO     : 2024-07-16 10:35:49,242 : utilities.py:103 : Scrape Starting: https://simp6.host.church/images3/1290x2104_d29f357a31b68ae004b641d4fac115ab9cdbcc5851404f91.jpg
INFO     : 2024-07-16 10:35:49,242 : utilities.py:103 : Scrape Finished: https://simp6.host.church/images3/1290x2104_d29f357a31b68ae004b641d4fac115ab9cdbcc5851404f91.jpg
INFO     : 2024-07-16 10:35:49,242 : utilities.py:103 : Scrape Starting: https://simp6.host.church/images3/1290x2256_f9112452790593a6d0180d26010dae88dd868182b943e0fe.jpg
INFO     : 2024-07-16 10:35:49,243 : utilities.py:103 : Scrape Finished: https://simp6.host.church/images3/1290x2256_f9112452790593a6d0180d26010dae88dd868182b943e0fe.jpg
INFO     : 2024-07-16 10:35:49,243 : utilities.py:103 : Scrape Starting: https://simp6.host.church/images3/1290x1945_f372446d062cef847606c941419fbc4036b06a4c7a61027f.jpg
INFO     : 2024-07-16 10:35:49,243 : utilities.py:103 : Scrape Finished: https://simp6.host.church/images3/1290x1945_f372446d062cef847606c941419fbc4036b06a4c7a61027f.jpg
INFO     : 2024-07-16 10:35:49,243 : utilities.py:103 : Scrape Starting: https://simp6.host.church/images3/1290x1920_5680d5ee7c8f81899020fe178aaea290c1c396e63589fe66.jpg
INFO     : 2024-07-16 10:35:49,243 : utilities.py:103 : Scrape Finished: https://simp6.host.church/images3/1290x1920_5680d5ee7c8f81899020fe178aaea290c1c396e63589fe66.jpg
INFO     : 2024-07-16 10:35:49,243 : utilities.py:103 : Scrape Starting: https://simp6.host.church/images3/1290x1580_817a9ddcdb800dba6eabdfb97dcabb01aaf62a679b69c608.jpg
INFO     : 2024-07-16 10:35:49,243 : utilities.py:103 : Scrape Finished: https://simp6.host.church/images3/1290x1580_817a9ddcdb800dba6eabdfb97dcabb01aaf62a679b69c608.jpg
INFO     : 2024-07-16 10:35:49,243 : utilities.py:103 : Scrape Starting: https://simp6.host.church/images3/3082x3852_47beb7db2cc8ac881edb9d53483d40c87316353424a6b163.jpg
INFO     : 2024-07-16 10:35:49,243 : utilities.py:103 : Scrape Finished: https://simp6.host.church/images3/3082x3852_47beb7db2cc8ac881edb9d53483d40c87316353424a6b163.jpg
INFO     : 2024-07-16 10:35:49,244 : utilities.py:103 : Scrape Starting: https://simp6.host.church/images3/3797x5062_095d223d67e80941e6670944aa63deaa4de52d6a0bf5035b.jpg
INFO     : 2024-07-16 10:35:49,244 : utilities.py:103 : Scrape Finished: https://simp6.host.church/images3/3797x5062_095d223d67e80941e6670944aa63deaa4de52d6a0bf5035b.jpg
INFO     : 2024-07-16 10:35:49,244 : utilities.py:103 : Scrape Starting: https://simp6.host.church/images3/3430x4288_aef76418971635b91c26bb96e66908cfa5144537e824b244.jpg
INFO     : 2024-07-16 10:35:49,244 : utilities.py:103 : Scrape Finished: https://simp6.host.church/images3/3430x4288_aef76418971635b91c26bb96e66908cfa5144537e824b244.jpg
INFO     : 2024-07-16 10:35:49,244 : utilities.py:103 : Scrape Starting: https://simp6.host.church/images3/3422x4278_a80fc8d22921f56c1523ff6be8d5d65b29caeedf89835901.jpg
INFO     : 2024-07-16 10:35:49,244 : utilities.py:103 : Scrape Finished: https://simp6.host.church/images3/3422x4278_a80fc8d22921f56c1523ff6be8d5d65b29caeedf89835901.jpg
INFO     : 2024-07-16 10:35:49,244 : utilities.py:103 : Scrape Starting: https://simp6.host.church/images3/3840x5120_faaabd69f3f67067c975df72c10abeae02a80f4d0c29f77e.jpg
INFO     : 2024-07-16 10:35:49,244 : utilities.py:103 : Scrape Finished: https://simp6.host.church/images3/3840x5120_faaabd69f3f67067c975df72c10abeae02a80f4d0c29f77e.jpg
INFO     : 2024-07-16 10:35:49,244 : utilities.py:103 : Scrape Starting: https://simp6.host.church/images3/3664x4885_5d214ea36d994e66aca3dca0c6c31bd06ff00220eb87aa10.jpg
INFO     : 2024-07-16 10:35:49,245 : utilities.py:103 : Scrape Finished: https://simp6.host.church/images3/3664x4885_5d214ea36d994e66aca3dca0c6c31bd06ff00220eb87aa10.jpg
INFO     : 2024-07-16 10:35:49,245 : utilities.py:103 : Scrape Starting: https://simp6.host.church/images3/3618x4824_2c577fe0c757dfebd59ee33490bf5ce6d9dde256e915c83a.jpg
INFO     : 2024-07-16 10:35:49,245 : utilities.py:103 : Scrape Finished: https://simp6.host.church/images3/3618x4824_2c577fe0c757dfebd59ee33490bf5ce6d9dde256e915c83a.jpg
INFO     : 2024-07-16 10:35:49,245 : utilities.py:103 : Scrape Starting: https://simp6.host.church/images3/3781x5041_115e9fb17e82a237b8aa5714d77499e6c4316da0a632677c.jpg
INFO     : 2024-07-16 10:35:49,245 : utilities.py:103 : Scrape Finished: https://simp6.host.church/images3/3781x5041_115e9fb17e82a237b8aa5714d77499e6c4316da0a632677c.jpg
INFO     : 2024-07-16 10:35:49,245 : utilities.py:103 : Scrape Starting: https://simp6.host.church/images3/3840x5121_f1156c44df929c54fedbf200cf4a89aff2dc833e6887205c.jpg
INFO     : 2024-07-16 10:35:49,245 : utilities.py:103 : Scrape Finished: https://simp6.host.church/images3/3840x5121_f1156c44df929c54fedbf200cf4a89aff2dc833e6887205c.jpg
INFO     : 2024-07-16 10:35:49,245 : utilities.py:103 : Scrape Starting: https://simp6.host.church/images3/1290x1692_2a232d787f3656675deec3696c998ce646c94678307c2f68.jpg
INFO     : 2024-07-16 10:35:49,245 : utilities.py:103 : Scrape Finished: https://simp6.host.church/images3/1290x1692_2a232d787f3656675deec3696c998ce646c94678307c2f68.jpg
INFO     : 2024-07-16 10:35:49,246 : utilities.py:103 : Scrape Starting: https://simp6.host.church/images3/1290x1673_607c619b3daa6738328536a8cd20f1d09dd4781b92346acf.jpg
INFO     : 2024-07-16 10:35:49,246 : utilities.py:103 : Scrape Finished: https://simp6.host.church/images3/1290x1673_607c619b3daa6738328536a8cd20f1d09dd4781b92346acf.jpg
INFO     : 2024-07-16 10:35:49,558 : utilities.py:103 : Scrape Finished: https://saint2.su/embed/i0bSNk50J3h
INFO     : 2024-07-16 10:35:49,558 : utilities.py:103 : Download Starting: https://papi2.saint2.su/videos/8eeecdb5f8febabbee36d9691f2695b0.mp4
INFO     : 2024-07-16 10:35:50,253 : utilities.py:103 : Download Finished: https://simp6.host.church/images2/IMG_696267aa1b5f63d61697.jpg
INFO     : 2024-07-16 10:35:50,253 : utilities.py:103 : Download Starting: https://simp6.host.church/images2/IMG_69630fdfeb3d50729b41.jpg
INFO     : 2024-07-16 10:35:50,389 : utilities.py:103 : Download Finished: https://simp6.host.church/images2/image3626963580aec93a.png
INFO     : 2024-07-16 10:35:50,389 : utilities.py:103 : Download Starting: https://simp4.host.church/IMG_69646a66235a059ae15d.jpg
INFO     : 2024-07-16 10:35:50,401 : utilities.py:103 : Download Finished: https://simp4.host.church/image4f83f1114ea467b9.png
INFO     : 2024-07-16 10:35:50,401 : utilities.py:103 : Download Starting: https://simp6.host.church/images2/IMG_6965850e4391b94d9416.jpg
INFO     : 2024-07-16 10:35:50,515 : utilities.py:103 : Download Finished: https://simp4.host.church/Screenshot-2023-10-26-16570626decb032b10ddf7.png
INFO     : 2024-07-16 10:35:50,515 : utilities.py:103 : Download Starting: https://simp4.host.church/IMG_696604a7af3074383ebe.jpg
INFO     : 2024-07-16 10:35:50,520 : utilities.py:103 : Download Finished: https://simp4.host.church/Screenshot-2023-10-26-1657507e9ecc486d25958b.png
INFO     : 2024-07-16 10:35:50,520 : utilities.py:103 : Download Starting: https://simp6.host.church/images2/IMG_6967752012bc1dc18b5c.jpg
INFO     : 2024-07-16 10:35:51,069 : utilities.py:103 : Download Finished: https://simp6.host.church/images2/IMG_69630fdfeb3d50729b41.jpg
INFO     : 2024-07-16 10:35:51,069 : utilities.py:103 : Download Starting: https://simp4.host.church/IMG_6968adc5e055ca430279.jpg
INFO     : 2024-07-16 10:35:51,374 : utilities.py:103 : Download Finished: https://simp4.host.church/IMG_69646a66235a059ae15d.jpg
INFO     : 2024-07-16 10:35:51,374 : utilities.py:103 : Download Starting: https://simp6.host.church/images2/IMG_6969cf286844378fc50c.jpg
INFO     : 2024-07-16 10:35:51,386 : utilities.py:103 : Download Finished: https://simp6.host.church/images2/IMG_6965850e4391b94d9416.jpg
INFO     : 2024-07-16 10:35:51,386 : utilities.py:103 : Download Starting: https://simp6.host.church/images3/IMG_69813179500840aec050.jpg
INFO     : 2024-07-16 10:35:51,459 : utilities.py:103 : Download Finished: https://simp4.host.church/IMG_696604a7af3074383ebe.jpg
INFO     : 2024-07-16 10:35:51,459 : utilities.py:103 : Download Starting: https://simp6.host.church/images3/IMG_6982e371ac8405eda4fb.jpg
INFO     : 2024-07-16 10:35:51,575 : utilities.py:103 : Download Finished: https://simp6.host.church/images2/IMG_6967752012bc1dc18b5c.jpg
INFO     : 2024-07-16 10:35:51,575 : utilities.py:103 : Download Starting: https://simp4.host.church/IMG_6983fd127d83daafa116.jpg
INFO     : 2024-07-16 10:35:51,760 : utilities.py:103 : Download Finished: https://simp4.host.church/IMG_6968adc5e055ca430279.jpg
INFO     : 2024-07-16 10:35:51,760 : utilities.py:103 : Download Starting: https://simp4.host.church/IMG_698401517765ca370ac2.jpg
INFO     : 2024-07-16 10:35:52,145 : utilities.py:103 : Download Finished: https://simp6.host.church/images3/IMG_6982e371ac8405eda4fb.jpg
INFO     : 2024-07-16 10:35:52,145 : utilities.py:103 : Download Starting: https://simp6.host.church/images3/708x1012_08f8c0940851d785b5b577b9da82ddfa3a1beed3ba67ff1f.jpg
INFO     : 2024-07-16 10:35:52,362 : utilities.py:103 : Download Finished: https://simp4.host.church/IMG_6983fd127d83daafa116.jpg
INFO     : 2024-07-16 10:35:52,362 : utilities.py:103 : Download Finished: https://simp6.host.church/images3/IMG_69813179500840aec050.jpg
INFO     : 2024-07-16 10:35:52,363 : utilities.py:103 : Download Starting: https://simp6.host.church/images3/1270x946_4f5be2c9737780ef3575d30881abca82234f12a3ce0e229c.jpg
INFO     : 2024-07-16 10:35:52,363 : utilities.py:103 : Download Starting: https://simp4.host.church/1290x931_336bf50d6432004b001434f312e3d7bb0d23547596acb3b8.jpg
INFO     : 2024-07-16 10:35:52,403 : utilities.py:103 : Download Finished: https://simp6.host.church/images2/IMG_6969cf286844378fc50c.jpg
INFO     : 2024-07-16 10:35:52,403 : utilities.py:103 : Download Starting: https://simp4.host.church/816x1058_6fc554e061c61abb45bfef68806ec344a34767d8834caf5d.jpg
